Machine: DONALD
Date: 03/10/2021 Time: 16:21:13
Alternative Dense Layer: False
Pooling Application Layer: avg
Data Augmentation: False
Data Augmentation Multiplier: 1
Fine Tuning: True
Optimizer: rmsprop

Model Type: Xception
Fold: 1 of 10 Acc: 88.57% Mean: 88.57% (+/- 0.00%)
Fold: 2 of 10 Acc: 94.29% Mean: 91.43% (+/- 2.86%)
Fold: 3 of 10 Acc: 91.18% Mean: 91.34% (+/- 2.34%)
Fold: 4 of 10 Acc: 88.24% Mean: 90.57% (+/- 2.43%)
Fold: 5 of 10 Acc: 97.06% Mean: 91.87% (+/- 3.39%)
Fold: 6 of 10 Acc: 91.18% Mean: 91.75% (+/- 3.10%)
Fold: 7 of 10 Acc: 94.12% Mean: 92.09% (+/- 2.99%)
Fold: 8 of 10 Acc: 91.18% Mean: 91.97% (+/- 2.81%)
Fold: 9 of 10 Acc: 97.06% Mean: 92.54% (+/- 3.10%)
Fold: 10 of 10 Acc: 94.12% Mean: 92.70% (+/- 2.97%)
Model Type: VGG16
Fold: 1 of 10 Acc: 88.57% Mean: 88.57% (+/- 0.00%)
Fold: 2 of 10 Acc: 94.29% Mean: 91.43% (+/- 2.86%)
Fold: 3 of 10 Acc: 88.24% Mean: 90.36% (+/- 2.78%)
Fold: 4 of 10 Acc: 82.35% Mean: 88.36% (+/- 4.22%)
Fold: 5 of 10 Acc: 94.12% Mean: 89.51% (+/- 4.42%)
Fold: 6 of 10 Acc: 85.29% Mean: 88.81% (+/- 4.33%)
Fold: 7 of 10 Acc: 85.29% Mean: 88.31% (+/- 4.20%)
Fold: 8 of 10 Acc: 82.35% Mean: 87.56% (+/- 4.39%)
Fold: 9 of 10 Acc: 91.18% Mean: 87.96% (+/- 4.29%)
Fold: 10 of 10 Acc: 85.29% Mean: 87.70% (+/- 4.15%)
Model Type: VGG19
Fold: 1 of 10 Acc: 65.71% Mean: 65.71% (+/- 0.00%)
Fold: 2 of 10 Acc: 94.29% Mean: 80.00% (+/- 14.29%)
Fold: 3 of 10 Acc: 94.12% Mean: 84.71% (+/- 13.43%)
Fold: 4 of 10 Acc: 88.24% Mean: 85.59% (+/- 11.73%)
Fold: 5 of 10 Acc: 94.12% Mean: 87.29% (+/- 11.03%)
Fold: 6 of 10 Acc: 91.18% Mean: 87.94% (+/- 10.17%)
Fold: 7 of 10 Acc: 85.29% Mean: 87.56% (+/- 9.47%)
Fold: 8 of 10 Acc: 85.29% Mean: 87.28% (+/- 8.89%)
Fold: 9 of 10 Acc: 91.18% Mean: 87.71% (+/- 8.47%)
Fold: 10 of 10 Acc: 82.35% Mean: 87.18% (+/- 8.19%)
Model Type: ResNet50
Fold: 1 of 10 Acc: 82.86% Mean: 82.86% (+/- 0.00%)
Fold: 2 of 10 Acc: 91.43% Mean: 87.14% (+/- 4.29%)
Fold: 3 of 10 Acc: 85.29% Mean: 86.53% (+/- 3.61%)
Fold: 4 of 10 Acc: 88.24% Mean: 86.95% (+/- 3.21%)
Fold: 5 of 10 Acc: 100.00% Mean: 89.56% (+/- 5.96%)
Fold: 6 of 10 Acc: 82.35% Mean: 88.36% (+/- 6.06%)
Fold: 7 of 10 Acc: 97.06% Mean: 89.60% (+/- 6.39%)
Fold: 8 of 10 Acc: 91.18% Mean: 89.80% (+/- 6.00%)
Fold: 9 of 10 Acc: 88.24% Mean: 89.63% (+/- 5.68%)
Fold: 10 of 10 Acc: 91.18% Mean: 89.78% (+/- 5.40%)
Model Type: ResNet101
Fold: 1 of 10 Acc: 85.71% Mean: 85.71% (+/- 0.00%)
Fold: 2 of 10 Acc: 88.57% Mean: 87.14% (+/- 1.43%)
Fold: 3 of 10 Acc: 76.47% Mean: 83.59% (+/- 5.16%)
Fold: 4 of 10 Acc: 82.35% Mean: 83.28% (+/- 4.50%)
Fold: 5 of 10 Acc: 82.35% Mean: 83.09% (+/- 4.05%)
Fold: 6 of 10 Acc: 79.41% Mean: 82.48% (+/- 3.94%)
Fold: 7 of 10 Acc: 91.18% Mean: 83.72% (+/- 4.75%)
Fold: 8 of 10 Acc: 85.29% Mean: 83.92% (+/- 4.47%)
Fold: 9 of 10 Acc: 85.29% Mean: 84.07% (+/- 4.24%)
Fold: 10 of 10 Acc: 91.18% Mean: 84.78% (+/- 4.55%)
Model Type: ResNet152
Fold: 1 of 10 Acc: 65.71% Mean: 65.71% (+/- 0.00%)
Fold: 2 of 10 Acc: 91.43% Mean: 78.57% (+/- 12.86%)
Fold: 3 of 10 Acc: 73.53% Mean: 76.89% (+/- 10.76%)
Fold: 4 of 10 Acc: 82.35% Mean: 78.26% (+/- 9.62%)
Fold: 5 of 10 Acc: 94.12% Mean: 81.43% (+/- 10.69%)
Fold: 6 of 10 Acc: 85.29% Mean: 82.07% (+/- 9.86%)
Fold: 7 of 10 Acc: 91.18% Mean: 83.37% (+/- 9.67%)
Fold: 8 of 10 Acc: 79.41% Mean: 82.88% (+/- 9.14%)
Fold: 9 of 10 Acc: 82.35% Mean: 82.82% (+/- 8.62%)
Fold: 10 of 10 Acc: 91.18% Mean: 83.66% (+/- 8.55%)
Model Type: ResNet50V2
Fold: 1 of 10 Acc: 85.71% Mean: 85.71% (+/- 0.00%)
Fold: 2 of 10 Acc: 97.14% Mean: 91.43% (+/- 5.71%)
Fold: 3 of 10 Acc: 82.35% Mean: 88.40% (+/- 6.33%)
Fold: 4 of 10 Acc: 91.18% Mean: 89.10% (+/- 5.61%)
Fold: 5 of 10 Acc: 94.12% Mean: 90.10% (+/- 5.41%)
Fold: 6 of 10 Acc: 79.41% Mean: 88.32% (+/- 6.34%)
Fold: 7 of 10 Acc: 91.18% Mean: 88.73% (+/- 5.96%)
Fold: 8 of 10 Acc: 94.12% Mean: 89.40% (+/- 5.85%)
Fold: 9 of 10 Acc: 97.06% Mean: 90.25% (+/- 6.02%)
Fold: 10 of 10 Acc: 94.12% Mean: 90.64% (+/- 5.83%)
Model Type: ResNet101V2
Fold: 1 of 10 Acc: 51.43% Mean: 51.43% (+/- 0.00%)
Fold: 2 of 10 Acc: 91.43% Mean: 71.43% (+/- 20.00%)
Fold: 3 of 10 Acc: 85.29% Mean: 76.05% (+/- 17.59%)
Fold: 4 of 10 Acc: 91.18% Mean: 79.83% (+/- 16.58%)
Fold: 5 of 10 Acc: 88.24% Mean: 81.51% (+/- 15.21%)
Fold: 6 of 10 Acc: 82.35% Mean: 81.65% (+/- 13.89%)
Fold: 7 of 10 Acc: 88.24% Mean: 82.59% (+/- 13.06%)
Fold: 8 of 10 Acc: 85.29% Mean: 82.93% (+/- 12.25%)
Fold: 9 of 10 Acc: 91.18% Mean: 83.85% (+/- 11.84%)
Fold: 10 of 10 Acc: 88.24% Mean: 84.29% (+/- 11.31%)
Model Type: ResNet152V2
Fold: 1 of 10 Acc: 62.86% Mean: 62.86% (+/- 0.00%)
Fold: 2 of 10 Acc: 74.29% Mean: 68.57% (+/- 5.71%)
Fold: 3 of 10 Acc: 73.53% Mean: 70.22% (+/- 5.22%)
Fold: 4 of 10 Acc: 91.18% Mean: 75.46% (+/- 10.14%)
Fold: 5 of 10 Acc: 97.06% Mean: 79.78% (+/- 12.52%)
Fold: 6 of 10 Acc: 76.47% Mean: 79.23% (+/- 11.50%)
Fold: 7 of 10 Acc: 76.47% Mean: 78.84% (+/- 10.69%)
Fold: 8 of 10 Acc: 76.47% Mean: 78.54% (+/- 10.03%)
Fold: 9 of 10 Acc: 88.24% Mean: 79.62% (+/- 9.93%)
Fold: 10 of 10 Acc: 79.41% Mean: 79.60% (+/- 9.42%)
Model Type: InceptionV3
Fold: 1 of 10 Acc: 85.71% Mean: 85.71% (+/- 0.00%)
Fold: 2 of 10 Acc: 88.57% Mean: 87.14% (+/- 1.43%)
Fold: 3 of 10 Acc: 82.35% Mean: 85.55% (+/- 2.54%)
Fold: 4 of 10 Acc: 94.12% Mean: 87.69% (+/- 4.32%)
Fold: 5 of 10 Acc: 91.18% Mean: 88.39% (+/- 4.10%)
Fold: 6 of 10 Acc: 97.06% Mean: 89.83% (+/- 4.95%)
Fold: 7 of 10 Acc: 88.24% Mean: 89.60% (+/- 4.61%)
Fold: 8 of 10 Acc: 91.18% Mean: 89.80% (+/- 4.35%)
Fold: 9 of 10 Acc: 88.24% Mean: 89.63% (+/- 4.13%)
Fold: 10 of 10 Acc: 94.12% Mean: 90.08% (+/- 4.14%)
Model Type: InceptionResNetV2
Fold: 1 of 10 Acc: 88.57% Mean: 88.57% (+/- 0.00%)
Fold: 2 of 10 Acc: 85.71% Mean: 87.14% (+/- 1.43%)
Fold: 3 of 10 Acc: 85.29% Mean: 86.53% (+/- 1.46%)
Fold: 4 of 10 Acc: 82.35% Mean: 85.48% (+/- 2.20%)
Fold: 5 of 10 Acc: 97.06% Mean: 87.80% (+/- 5.03%)
Fold: 6 of 10 Acc: 88.24% Mean: 87.87% (+/- 4.60%)
Fold: 7 of 10 Acc: 82.35% Mean: 87.08% (+/- 4.67%)
Fold: 8 of 10 Acc: 79.41% Mean: 86.12% (+/- 5.05%)
Fold: 9 of 10 Acc: 91.18% Mean: 86.69% (+/- 5.02%)
Fold: 10 of 10 Acc: 88.24% Mean: 86.84% (+/- 4.79%)
Model Type: MobileNet
Fold: 1 of 10 Acc: 88.57% Mean: 88.57% (+/- 0.00%)
Fold: 2 of 10 Acc: 85.71% Mean: 87.14% (+/- 1.43%)
Fold: 3 of 10 Acc: 82.35% Mean: 85.55% (+/- 2.54%)
Fold: 4 of 10 Acc: 94.12% Mean: 87.69% (+/- 4.32%)
Fold: 5 of 10 Acc: 97.06% Mean: 89.56% (+/- 5.38%)
Fold: 6 of 10 Acc: 91.18% Mean: 89.83% (+/- 4.95%)
Fold: 7 of 10 Acc: 91.18% Mean: 90.02% (+/- 4.60%)
Fold: 8 of 10 Acc: 85.29% Mean: 89.43% (+/- 4.58%)
Fold: 9 of 10 Acc: 97.06% Mean: 90.28% (+/- 4.94%)
Fold: 10 of 10 Acc: 88.24% Mean: 90.08% (+/- 4.73%)
Model Type: DenseNet121
Fold: 1 of 10 Acc: 91.43% Mean: 91.43% (+/- 0.00%)
Fold: 2 of 10 Acc: 97.14% Mean: 94.29% (+/- 2.86%)
Fold: 3 of 10 Acc: 85.29% Mean: 91.29% (+/- 4.84%)
Fold: 4 of 10 Acc: 88.24% Mean: 90.53% (+/- 4.39%)
Fold: 5 of 10 Acc: 91.18% Mean: 90.66% (+/- 3.94%)
Fold: 6 of 10 Acc: 82.35% Mean: 89.27% (+/- 4.74%)
Fold: 7 of 10 Acc: 88.24% Mean: 89.12% (+/- 4.41%)
Fold: 8 of 10 Acc: 85.29% Mean: 88.64% (+/- 4.31%)
Fold: 9 of 10 Acc: 88.24% Mean: 88.60% (+/- 4.07%)
Fold: 10 of 10 Acc: 91.18% Mean: 88.86% (+/- 3.94%)
Model Type: DenseNet169
Fold: 1 of 10 Acc: 94.29% Mean: 94.29% (+/- 0.00%)
Fold: 2 of 10 Acc: 91.43% Mean: 92.86% (+/- 1.43%)
Fold: 3 of 10 Acc: 85.29% Mean: 90.34% (+/- 3.75%)
Fold: 4 of 10 Acc: 91.18% Mean: 90.55% (+/- 3.27%)
Fold: 5 of 10 Acc: 97.06% Mean: 91.85% (+/- 3.92%)
Fold: 6 of 10 Acc: 88.24% Mean: 91.25% (+/- 3.82%)
Fold: 7 of 10 Acc: 94.12% Mean: 91.66% (+/- 3.68%)
Fold: 8 of 10 Acc: 91.18% Mean: 91.60% (+/- 3.44%)
Fold: 9 of 10 Acc: 94.12% Mean: 91.88% (+/- 3.34%)
Fold: 10 of 10 Acc: 85.29% Mean: 91.22% (+/- 3.73%)
Model Type: DenseNet201
Fold: 1 of 10 Acc: 94.29% Mean: 94.29% (+/- 0.00%)
Fold: 2 of 10 Acc: 97.14% Mean: 95.71% (+/- 1.43%)
Fold: 3 of 10 Acc: 88.24% Mean: 93.22% (+/- 3.71%)
Fold: 4 of 10 Acc: 97.06% Mean: 94.18% (+/- 3.62%)
Fold: 5 of 10 Acc: 97.06% Mean: 94.76% (+/- 3.44%)
Fold: 6 of 10 Acc: 82.35% Mean: 92.69% (+/- 5.59%)
Fold: 7 of 10 Acc: 94.12% Mean: 92.89% (+/- 5.20%)
Fold: 8 of 10 Acc: 88.24% Mean: 92.31% (+/- 5.10%)
Fold: 9 of 10 Acc: 88.24% Mean: 91.86% (+/- 4.97%)
Fold: 10 of 10 Acc: 94.12% Mean: 92.08% (+/- 4.77%)
Model Type: NASNetMobile
Fold: 1 of 10 Acc: 54.29% Mean: 54.29% (+/- 0.00%)
Fold: 2 of 10 Acc: 71.43% Mean: 62.86% (+/- 8.57%)
Fold: 3 of 10 Acc: 76.47% Mean: 67.39% (+/- 9.50%)
Fold: 4 of 10 Acc: 55.88% Mean: 64.52% (+/- 9.62%)
Fold: 5 of 10 Acc: 79.41% Mean: 67.50% (+/- 10.46%)
Fold: 6 of 10 Acc: 85.29% Mean: 70.46% (+/- 11.63%)
Fold: 7 of 10 Acc: 82.35% Mean: 72.16% (+/- 11.54%)
Fold: 8 of 10 Acc: 73.53% Mean: 72.33% (+/- 10.81%)
Fold: 9 of 10 Acc: 85.29% Mean: 73.77% (+/- 10.97%)
Fold: 10 of 10 Acc: 88.24% Mean: 75.22% (+/- 11.28%)
Model Type: MobileNetV2
Fold: 1 of 10 Acc: 51.43% Mean: 51.43% (+/- 0.00%)
Fold: 2 of 10 Acc: 80.00% Mean: 65.71% (+/- 14.29%)
Fold: 3 of 10 Acc: 61.76% Mean: 64.40% (+/- 11.81%)
Fold: 4 of 10 Acc: 88.24% Mean: 70.36% (+/- 14.53%)
Fold: 5 of 10 Acc: 88.24% Mean: 73.93% (+/- 14.84%)
Fold: 6 of 10 Acc: 82.35% Mean: 75.34% (+/- 13.90%)
Fold: 7 of 10 Acc: 79.41% Mean: 75.92% (+/- 12.95%)
Fold: 8 of 10 Acc: 85.29% Mean: 77.09% (+/- 12.50%)
Fold: 9 of 10 Acc: 82.35% Mean: 77.68% (+/- 11.90%)
Fold: 10 of 10 Acc: 70.59% Mean: 76.97% (+/- 11.49%)
